2020-09-25 14:44:22 TRACE Loaded [org.springframework.beans.BeanInfoFactory] names: [org.springframework.beans.ExtendedBeanInfoFactory]
2020-09-25 14:45:01 TRACE Loaded [org.springframework.beans.BeanInfoFactory] names: [org.springframework.beans.ExtendedBeanInfoFactory]
2020-09-25 14:56:15 INFO  inside save method of job
2020-09-25 15:24:58 INFO  inside findAllJob method of job
2020-09-25 16:11:39 INFO  inside findAllJob method of job
2020-09-28 12:56:26 INFO  inside findAllJob method of job
2020-09-28 13:05:35 INFO  inside save method of job
2020-09-28 13:44:34 INFO  inside save method of job
2020-09-28 13:44:41 INFO  inside save method of job
2020-09-28 13:45:18 INFO  inside save method of job
2020-09-28 13:45:42 INFO  inside save method of job
2020-09-28 13:46:37 INFO  inside findJobByExperience method of job
2020-09-28 13:47:09 INFO  inside findJobByExperience method of job
2020-09-28 13:47:16 INFO  inside findJobByExperience method of job
2020-09-28 13:47:32 INFO  inside findJobByExperience method of job
2020-09-28 13:48:40 INFO  inside findJobByExperience method of job
2020-09-28 13:50:13 INFO  inside save method of job
2020-09-28 14:13:39 INFO  inside save method of job
2020-09-28 14:19:25 INFO  inside uploadFile method of job
2020-09-28 14:25:06 INFO  inside uploadFile method of job
2020-09-28 14:26:38 INFO  inside uploadFile method of job
2020-09-28 14:27:04 INFO  inside uploadFile method of job
2020-09-28 14:28:32 INFO  inside uploadFile method of job
2020-09-28 14:29:37 INFO  inside uploadFile method of job
2020-09-28 14:31:51 INFO  inside save method of job
2020-09-28 14:34:16 INFO  inside save method of job
2020-09-28 14:38:50 INFO  inside uploadFile method of job
2020-09-28 14:39:51 INFO  inside uploadFile method of job
2020-09-29 13:05:48 INFO  inside save method of job
2020-09-29 15:02:12 INFO  inside save method of job
2020-10-01 13:09:36 INFO  saveOrUpdate service
2020-10-01 13:11:32 INFO  inside findAllJob method of job
2020-10-01 13:11:32 INFO  findAllJob service
2020-10-01 13:13:00 INFO  inside findAllJob method of job
2020-10-01 13:13:00 INFO  findAllJob service
2020-10-01 13:41:59 INFO  inside findJobByJobId method of job
2020-10-01 13:41:59 INFO  findJobByJobId service134
2020-10-01 13:42:24 INFO  inside findJobByJobType method of job
2020-10-01 13:42:24 INFO  findJobByJobId service
2020-10-01 13:42:57 INFO  inside findJobByExperience method of job
2020-10-01 13:42:57 INFO  findJobByExperience service
2020-10-01 13:43:21 INFO  inside findJobByCountry method of job
2020-10-01 13:43:21 INFO  findJobByCountry service
2020-10-01 13:44:51 INFO  inside findByAvailability method of job
2020-10-01 13:45:02 INFO  inside findByAvailability method of job
2020-10-01 13:45:50 INFO  inside findBySkills method of job
2020-10-01 13:45:50 INFO  findBySkills service
2020-10-01 13:46:05 INFO  inside findBySkills method of job
2020-10-01 13:46:05 INFO  findBySkills service
2020-10-01 13:46:12 INFO  inside findBySkills method of job
2020-10-01 13:46:12 INFO  findBySkills service
2020-10-01 13:46:38 INFO  inside findJobByLanguage method of job
2020-10-01 13:46:38 INFO  findJobByLanguage service
2020-10-01 13:50:24 INFO  inside findJobByPayRateBetween method of job
2020-10-01 13:50:24 INFO  findJobByPayRate service
2020-10-01 13:50:42 INFO  inside findAllJob method of job
2020-10-01 13:50:42 INFO  findAllJob service
2020-10-01 14:46:00 INFO  inside findAllJob method of job
2020-10-01 14:46:00 INFO  findAllJob service
2020-10-01 14:46:37 INFO  inside findAllJob method of job
2020-10-01 14:46:37 INFO  findAllJob service
2020-10-01 14:46:39 INFO  inside findAllJob method of job
2020-10-01 14:46:39 INFO  findAllJob service
2020-10-01 14:48:45 INFO  inside findAllJob method of job
2020-10-01 14:48:45 INFO  findAllJob service
2020-10-01 14:48:46 INFO  inside findAllJob method of job
2020-10-01 14:48:46 INFO  findAllJob service
2020-10-01 14:48:47 INFO  inside findAllJob method of job
2020-10-01 14:48:47 INFO  findAllJob service
2020-10-01 14:49:36 INFO  inside findAllJob method of job
2020-10-01 14:49:36 INFO  findAllJob service
2020-10-01 14:49:37 INFO  inside findAllJob method of job
2020-10-01 14:49:37 INFO  findAllJob service
2020-10-01 14:49:44 INFO  inside findAllJob method of job
2020-10-01 14:49:44 INFO  findAllJob service
2020-10-01 14:49:45 INFO  inside findAllJob method of job
2020-10-01 14:49:45 INFO  findAllJob service
2020-10-01 14:57:47 INFO  inside findAllJob method of job
2020-10-01 14:57:47 INFO  findAllJob service
2020-10-01 14:57:48 INFO  inside findAllJob method of job
2020-10-01 14:57:48 INFO  findAllJob service
2020-10-01 15:00:21 INFO  inside findAllJob method of job
2020-10-01 15:00:21 INFO  findAllJob service
2020-10-01 15:00:22 INFO  inside findAllJob method of job
2020-10-01 15:00:22 INFO  findAllJob service
2020-10-01 15:01:35 INFO  inside findAllJob method of job
2020-10-01 15:01:35 INFO  findAllJob service
2020-10-01 15:01:46 INFO  inside findAllJob method of job
2020-10-01 15:01:46 INFO  findAllJob service
2020-10-01 15:01:58 INFO  inside findAllJob method of job
2020-10-01 15:01:58 INFO  findAllJob service
2020-10-01 15:02:03 INFO  inside findAllJob method of job
2020-10-01 15:02:03 INFO  findAllJob service
2020-10-01 15:02:06 INFO  inside findAllJob method of job
2020-10-01 15:02:06 INFO  findAllJob service
2020-10-01 15:02:27 INFO  inside findAllJob method of job
2020-10-01 15:02:27 INFO  findAllJob service
2020-10-01 15:02:43 INFO  inside findAllJob method of job
2020-10-01 15:02:43 INFO  findAllJob service
2020-10-01 15:02:49 INFO  inside findAllJob method of job
2020-10-01 15:02:49 INFO  findAllJob service
2020-10-01 15:02:58 INFO  inside findAllJob method of job
2020-10-01 15:02:58 INFO  findAllJob service
2020-10-01 15:03:18 INFO  inside findAllJob method of job
2020-10-01 15:03:18 INFO  findAllJob service
2020-10-01 15:03:24 INFO  inside findAllJob method of job
2020-10-01 15:03:24 INFO  findAllJob service
2020-10-01 15:03:33 INFO  inside findAllJob method of job
2020-10-01 15:03:33 INFO  findAllJob service
2020-10-06 12:16:40 INFO  saveOrUpdate service
2020-10-06 12:17:01 INFO  saveOrUpdate service
2020-10-06 15:07:48 INFO  inside save method of job
2020-10-06 15:07:48 INFO  saveOrUpdate service
2020-10-06 15:08:07 INFO  inside save method of job
2020-10-06 15:08:07 INFO  saveOrUpdate service
2020-10-06 15:08:40 INFO  inside save method of job
2020-10-06 15:08:40 INFO  saveOrUpdate service
2020-10-06 15:09:03 INFO  inside save method of job
2020-10-06 15:09:03 INFO  saveOrUpdate service
2020-10-06 15:09:04 INFO  inside save method of job
2020-10-06 15:09:04 INFO  saveOrUpdate service
2020-10-06 15:11:23 INFO  inside findAllJob method of job
2020-10-06 15:11:23 INFO  findAllJob service
2020-10-06 15:11:44 INFO  inside findAllJob method of job
2020-10-06 15:11:44 INFO  findAllJob service
2020-10-06 15:11:56 INFO  inside save method of job
2020-10-06 15:11:56 INFO  saveOrUpdate service
2020-10-06 15:12:24 INFO  inside save method of job
2020-10-06 15:12:24 INFO  saveOrUpdate service
2020-10-06 15:12:56 INFO  inside save method of job
2020-10-06 15:12:56 INFO  saveOrUpdate service
2020-10-06 15:14:30 INFO  inside save method of job
2020-10-06 15:14:30 INFO  saveOrUpdate service
2020-10-06 15:15:27 INFO  inside findAllJob method of job
2020-10-06 15:15:27 INFO  findAllJob service
2020-10-06 15:16:47 INFO  inside findAllJob method of job
2020-10-06 15:16:47 INFO  findAllJob service
2020-10-06 15:16:48 INFO  inside findAllJob method of job
2020-10-06 15:16:48 INFO  findAllJob service
2020-10-06 15:22:38 INFO  saveOrUpdate service
2020-10-06 15:22:41 INFO  saveOrUpdate service
2020-10-06 15:22:42 INFO  saveOrUpdate service
2020-10-06 15:31:19 INFO  saveOrUpdate service
2020-10-06 15:31:21 INFO  saveOrUpdate service
2020-10-06 15:31:23 INFO  saveOrUpdate service
2020-10-06 15:36:40 INFO  saveOrUpdate service
2020-10-06 15:36:41 INFO  saveOrUpdate service
2020-10-06 15:36:42 INFO  saveOrUpdate service
2020-10-06 15:36:43 INFO  saveOrUpdate service
2020-10-06 15:37:08 INFO  saveOrUpdate service
2020-10-06 15:37:09 INFO  saveOrUpdate service
2020-10-06 15:39:37 INFO  saveOrUpdate service
2020-10-06 15:40:52 INFO  saveOrUpdate service
2020-10-06 15:40:58 INFO  saveOrUpdate service
2020-10-06 15:45:31 INFO  saveOrUpdate service
2020-10-06 15:45:33 INFO  saveOrUpdate service
2020-10-06 15:52:41 INFO  saveOrUpdate service
2020-10-06 15:52:42 INFO  saveOrUpdate service
2020-10-06 15:52:43 INFO  saveOrUpdate service
