2020-09-24 15:32:25 INFO  data is received into controller
2020-09-24 15:33:12 INFO  data is received into controller
2020-09-24 16:18:43 INFO  data is received into controller-getall
2020-09-24 16:51:51 INFO  data is received into controller-getall
2020-09-24 17:06:04 INFO  data is received into controller-getAll
2020-09-24 17:06:55 INFO  data is received into controller-getAll
2020-09-24 17:07:41 DEBUG Incoming request to save/update :UserDTO [id=null, userName=Coderrrr]
2020-09-24 17:07:41 DEBUG Incoming request to saveUser :UserDTO [id=null, userName=Coderrrr]
2020-09-24 17:09:29 DEBUG Incoming request to save/update :UserDTO [id=null, userName=Coderrrr]
2020-09-24 17:09:29 DEBUG Incoming request to saveUser :UserDTO [id=null, userName=Coderrrr]
2020-09-24 17:10:50 DEBUG Incoming request to save/update :JobInfoDTO [id=null, jobTitle=Java Developer, jobDescription=Need POC for Ecommerce website using spring boot with micro service., country=IND, state=TN, availability=Part-Time, replyRate=0, payRate=44, experience=5, skills=Java, Spring Boot, Hibernate, Micro Service, Oracle, REST, language=English, jobType=Development, user=User [id=2, userName=null]]
2020-09-24 17:10:50 DEBUG Incoming request to saveJob :JobInfoDTO [id=null, jobTitle=Java Developer, jobDescription=Need POC for Ecommerce website using spring boot with micro service., country=IND, state=TN, availability=Part-Time, replyRate=0, payRate=44, experience=5, skills=Java, Spring Boot, Hibernate, Micro Service, Oracle, REST, language=English, jobType=Development, user=User [id=2, userName=null]]
2020-09-24 17:11:41 DEBUG Incoming request to save/update :JobInfoDTO [id=null, jobTitle=Java Developer, jobDescription=Need POC for Ecommerce website using spring boot with micro service., country=IND, state=TN, availability=Part-Time, replyRate=0, payRate=44, experience=5, skills=Java, Spring Boot, Hibernate, Micro Service, Oracle, REST, language=English, jobType=Development, user=User [id=2, userName=null]]
2020-09-24 17:11:41 DEBUG Incoming request to saveJob :JobInfoDTO [id=null, jobTitle=Java Developer, jobDescription=Need POC for Ecommerce website using spring boot with micro service., country=IND, state=TN, availability=Part-Time, replyRate=0, payRate=44, experience=5, skills=Java, Spring Boot, Hibernate, Micro Service, Oracle, REST, language=English, jobType=Development, user=User [id=2, userName=null]]
2020-09-24 17:12:07 DEBUG Incoming request to save/update :JobInfoDTO [id=null, jobTitle=null, jobDescription=null, country=null, state=null, availability=null, replyRate=null, payRate=null, experience=null, skills=null, language=null, jobType=null, user=null]
2020-09-24 17:12:07 DEBUG Incoming request to saveJob :JobInfoDTO [id=null, jobTitle=null, jobDescription=null, country=null, state=null, availability=null, replyRate=null, payRate=null, experience=null, skills=null, language=null, jobType=null, user=null]
2020-09-24 17:12:17 DEBUG Incoming request to save/update :JobInfoDTO [id=null, jobTitle=Java Developer, jobDescription=Need POC for Ecommerce website using spring boot with micro service., country=IND, state=TN, availability=Part-Time, replyRate=0, payRate=44, experience=5, skills=Java, Spring Boot, Hibernate, Micro Service, Oracle, REST, language=English, jobType=Development, user=User [id=2, userName=null]]
2020-09-24 17:12:17 DEBUG Incoming request to saveJob :JobInfoDTO [id=null, jobTitle=Java Developer, jobDescription=Need POC for Ecommerce website using spring boot with micro service., country=IND, state=TN, availability=Part-Time, replyRate=0, payRate=44, experience=5, skills=Java, Spring Boot, Hibernate, Micro Service, Oracle, REST, language=English, jobType=Development, user=User [id=2, userName=null]]
2020-09-24 17:13:05 INFO  data is received into controller-getJobById
2020-09-24 17:13:05 DEBUG Incoming request to getJobById 
2020-09-24 17:14:35 INFO  data is received into controller-getJobByType
2020-09-24 17:14:35 DEBUG Incoming request to getJobByType Development
2020-09-24 17:15:23 INFO  data is received into controller-getJobByType
2020-09-24 17:15:23 DEBUG Incoming request to getJobByType Development
2020-09-24 17:15:42 INFO  data is received into controller-getJobById
2020-09-24 17:15:42 DEBUG Incoming request to getJobById 
2020-09-24 17:16:19 INFO  data is received into controller-getJobByExperience
2020-09-24 17:16:19 DEBUG Incoming request to getJobByExperience 5
2020-09-24 17:16:30 INFO  data is received into controller-getJobByExperience
2020-09-24 17:16:30 DEBUG Incoming request to getJobByExperience 5
2020-09-24 17:17:12 INFO  data is received into controller-getJobByCountry
2020-09-24 17:17:12 DEBUG Incoming request to getJobByCountry IND
2020-09-24 17:17:48 INFO  data is received into controller-getJobByCountry
2020-09-24 17:17:48 DEBUG Incoming request to getJobByCountry IND
2020-09-24 17:18:08 INFO  data is received into controller-getJobByCountry
2020-09-24 17:18:08 DEBUG Incoming request to getJobByCountry ind
2020-09-24 17:20:51 INFO  data is received into controller-getJobByAvailability
2020-09-24 17:20:51 DEBUG Incoming request to getJobByAvailability Part-Time
2020-09-24 17:21:02 INFO  data is received into controller-getJobByAvailability
2020-09-24 17:21:02 DEBUG Incoming request to getJobByAvailability Part-Time,hourly
2020-09-24 17:21:10 INFO  data is received into controller-getJobByAvailability
2020-09-24 17:21:10 DEBUG Incoming request to getJobByAvailability Part-Time,hourly,part
2020-09-24 17:21:14 INFO  data is received into controller-getJobByAvailability
2020-09-24 17:21:14 DEBUG Incoming request to getJobByAvailability Part-Time,hourly,part,hty
2020-09-24 17:22:09 INFO  data is received into controller-getJobByAvailability
2020-09-24 17:22:09 DEBUG Incoming request to getJobByAvailability Part-Time,hourly
2020-09-24 17:23:06 INFO  data is received into controller-getJobBySkills-
2020-09-24 17:23:06 DEBUG Incoming request to getJobBySkills Java, Spring Boot, Hibernate, Micro Service, Oracle, REST
2020-09-24 17:23:14 INFO  data is received into controller-getJobBySkills-
2020-09-24 17:23:14 DEBUG Incoming request to getJobBySkills Java
2020-09-24 17:23:28 INFO  data is received into controller-getJobBySkills-
2020-09-24 17:23:28 DEBUG Incoming request to getJobBySkills Java, Spring Boot
2020-09-24 17:23:40 INFO  data is received into controller-getJobBySkills-
2020-09-24 17:23:40 DEBUG Incoming request to getJobBySkills Java, Spring Boot, Hibernate, Micro Service, Oracle, REST
2020-09-24 17:23:56 INFO  data is received into controller-getJobBySkills-
2020-09-24 17:23:56 DEBUG Incoming request to getJobBySkills Java, Spring Boot, Hibernate, Micro Service, Oracle, REST
2020-09-24 17:24:24 INFO  data is received into controller-getJobBySkills-
2020-09-24 17:24:24 DEBUG Incoming request to getJobBySkills Java, Spring Boot, Hibernate, Micro Service, ORACLE, REST
2020-09-24 17:25:08 INFO  data is received into controller-getJobByLanguage
2020-09-24 17:25:08 DEBUG Incoming request to getJobByLanguage English
2020-09-24 17:47:17 INFO  data is received into controller-getJobByLanguage
2020-09-24 17:47:17 DEBUG Incoming request to getJobByLanguage English
2020-09-24 17:47:40 INFO  data is received into controller-getJobByLanguage
2020-09-24 17:47:40 DEBUG Incoming request to getJobByLanguage hindi
2020-09-24 17:47:49 INFO  data is received into controller-getJobByLanguage
2020-09-24 17:47:49 DEBUG Incoming request to getJobByLanguage hindi
2020-09-24 17:47:56 INFO  data is received into controller-getJobByLanguage
2020-09-24 17:47:56 DEBUG Incoming request to getJobByLanguage english
2020-09-24 17:49:18 DEBUG Incoming request to save/update :JobInfoDTO [id=null, jobTitle=Java Developer, jobDescription=Need POC for Ecommerce website using spring boot with micro service., country=IND, state=TN, availability=Part-Time, replyRate=0, payRate=44, experience=5, skills=Java, Spring Boot, Hibernate, Micro Service, Oracle, REST, language=English, jobType=Development, user=User [id=1, userName=null]]
2020-09-24 17:49:18 DEBUG Incoming request to saveJob :JobInfoDTO [id=null, jobTitle=Java Developer, jobDescription=Need POC for Ecommerce website using spring boot with micro service., country=IND, state=TN, availability=Part-Time, replyRate=0, payRate=44, experience=5, skills=Java, Spring Boot, Hibernate, Micro Service, Oracle, REST, language=English, jobType=Development, user=User [id=1, userName=null]]
2020-09-24 17:49:31 DEBUG Incoming request to save/update :JobInfoDTO [id=null, jobTitle=Java Developer, jobDescription=Need POC for Ecommerce website using spring boot with micro service., country=IND, state=TN, availability=Part-Time, replyRate=0, payRate=44, experience=5, skills=Java, Spring Boot, Hibernate, Micro Service, Oracle, REST, language=, jobType=Development, user=User [id=1, userName=null]]
2020-09-24 17:49:31 DEBUG Incoming request to saveJob :JobInfoDTO [id=null, jobTitle=Java Developer, jobDescription=Need POC for Ecommerce website using spring boot with micro service., country=IND, state=TN, availability=Part-Time, replyRate=0, payRate=44, experience=5, skills=Java, Spring Boot, Hibernate, Micro Service, Oracle, REST, language=, jobType=Development, user=User [id=1, userName=null]]
2020-09-24 17:50:39 INFO  data is received into controller-getJobByLanguage
2020-09-24 17:50:39 DEBUG Incoming request to getJobByLanguage hindi
2020-09-24 18:04:20 INFO  data is received into controller-getJobByLanguage
2020-09-24 18:04:20 DEBUG Incoming request to getJobByLanguage null
2020-09-24 18:10:43 DEBUG Incoming request to save/update :JobInfoDTO [id=null, jobTitle=Java Developer, jobDescription=Need POC for Ecommerce website using spring boot with micro service., country=IND, state=TN, availability=Part-Time, replyRate=0, payRate=44, experience=5, skills=Java, Spring Boot, Hibernate, Micro Service, Oracle, REST, language=English, jobType=Development, user=User [id=1, userName=null]]
2020-09-24 18:10:43 DEBUG Incoming request to saveJob :JobInfoDTO [id=null, jobTitle=Java Developer, jobDescription=Need POC for Ecommerce website using spring boot with micro service., country=IND, state=TN, availability=Part-Time, replyRate=0, payRate=44, experience=5, skills=Java, Spring Boot, Hibernate, Micro Service, Oracle, REST, language=English, jobType=Development, user=User [id=1, userName=null]]
 2020-09-24 18:13:13 DEBUG Incoming request to save/update :JobInfoDTO [id=null, jobTitle=Java Developer, jobDescription=Need POC for Ecommerce website using spring boot with micro service., country=IND, state=TN, availability=Part-Time, replyRate=0, payRate=44, experience=5, skills=Java, Spring Boot, Hibernate, Micro Service, Oracle, REST, language=English, jobType=Development, user=User [id=1, userName=null]]
2020-09-24 18:13:13 DEBUG Incoming request to saveJob :JobInfoDTO [id=null, jobTitle=Java Developer, jobDescription=Need POC for Ecommerce website using spring boot with micro service., country=IND, state=TN, availability=Part-Time, replyRate=0, payRate=44, experience=5, skills=Java, Spring Boot, Hibernate, Micro Service, Oracle, REST, language=English, jobType=Development, user=User [id=1, userName=null]]
2020-09-25 11:39:32 DEBUG Incoming request to save/update :UserDTO [id=null, userName=]
2020-09-25 11:39:32 DEBUG Incoming request to saveUser :UserDTO [id=null, userName=]
2020-09-25 12:02:28 DEBUG Incoming request to save/update :UserDTO [id=null, userName=]
2020-09-25 12:02:28 DEBUG Incoming request to saveUser :UserDTO [id=null, userName=]
2020-09-25 12:19:53 DEBUG Incoming request to save/update :UserDTO [id=null, userName=]
2020-09-25 12:19:53 DEBUG Incoming request to saveUser :UserDTO [id=null, userName=]
2020-09-25 12:19:55 DEBUG Incoming request to save/update :UserDTO [id=null, userName=]
2020-09-25 12:19:55 DEBUG Incoming request to saveUser :UserDTO [id=null, userName=]
2020-09-25 12:19:56 DEBUG Incoming request to save/update :UserDTO [id=null, userName=]
2020-09-25 12:19:56 DEBUG Incoming request to saveUser :UserDTO [id=null, userName=]
2020-09-25 12:19:57 DEBUG Incoming request to save/update :UserDTO [id=null, userName=]
2020-09-25 12:19:57 DEBUG Incoming request to saveUser :UserDTO [id=null, userName=]
2020-09-25 12:19:58 DEBUG Incoming request to save/update :UserDTO [id=null, userName=]
2020-09-25 12:19:58 DEBUG Incoming request to saveUser :UserDTO [id=null, userName=]
2020-09-25 12:20:00 DEBUG Incoming request to save/update :UserDTO [id=null, userName=]
2020-09-25 12:20:00 DEBUG Incoming request to saveUser :UserDTO [id=null, userName=]
2020-09-25 12:21:11 DEBUG Incoming request to save/update :UserDTO [id=null, userName=]
2020-09-25 12:21:11 DEBUG Incoming request to saveUser :UserDTO [id=null, userName=]
2020-09-25 12:22:06 DEBUG Incoming request to save/update :UserDTO [id=null, userName=k]
2020-09-25 12:22:06 DEBUG Incoming request to saveUser :UserDTO [id=null, userName=k]
2020-09-25 12:22:18 DEBUG Incoming request to save/update :UserDTO [id=null, userName=k]
2020-09-25 12:22:18 DEBUG Incoming request to saveUser :UserDTO [id=null, userName=k]
2020-09-25 12:23:43 DEBUG Incoming request to save/update :UserDTO [id=null, userName=k]
2020-09-25 12:23:43 DEBUG Incoming request to saveUser :UserDTO [id=null, userName=k]
2020-09-25 12:29:03 DEBUG Incoming request to save/update :UserDTO [id=null, userName=k]
2020-09-25 12:29:03 DEBUG Incoming request to saveUser :UserDTO [id=null, userName=k]
2020-09-25 12:29:42 DEBUG Incoming request to save/update :UserDTO [id=null, userName=k]
2020-09-25 12:29:42 DEBUG Incoming request to saveUser :UserDTO [id=null, userName=k]
2020-09-25 12:31:52 DEBUG Incoming request to save/update :UserDTO [id=null, userName=khj]
2020-09-25 12:31:52 DEBUG Incoming request to saveUser :UserDTO [id=null, userName=khj]
2020-09-25 12:31:58 DEBUG Incoming request to save/update :UserDTO [id=null, userName=kj]
2020-09-25 12:31:58 DEBUG Incoming request to saveUser :UserDTO [id=null, userName=kj]
2020-09-25 12:33:01 DEBUG Incoming request to save/update :UserDTO [id=null, userName=kj]
2020-09-25 12:33:01 DEBUG Incoming request to saveUser :UserDTO [id=null, userName=kj]
2020-09-25 12:33:02 DEBUG Incoming request to save/update :UserDTO [id=null, userName=kj]
2020-09-25 12:33:02 DEBUG Incoming request to saveUser :UserDTO [id=null, userName=kj]
2020-09-25 12:34:59 DEBUG Incoming request to save/update :UserDTO [id=null, userName=coder]
2020-09-25 12:34:59 DEBUG Incoming request to saveUser :UserDTO [id=null, userName=coder]
2020-09-25 12:35:13 DEBUG Incoming request to save/update :UserDTO [id=null, userName=coder]
2020-09-25 12:35:13 DEBUG Incoming request to saveUser :UserDTO [id=null, userName=coder]
2020-09-25 12:36:50 DEBUG Incoming request to save/update :UserDTO [id=null, userName=coder]
2020-09-25 12:36:50 DEBUG Incoming request to saveUser :UserDTO [id=null, userName=coder]
2020-09-25 12:36:53 DEBUG Incoming request to save/update :UserDTO [id=null, userName=coder]
2020-09-25 12:36:53 DEBUG Incoming request to saveUser :UserDTO [id=null, userName=coder]
2020-09-25 12:45:51 DEBUG Incoming request to save/update :UserDTO [id=null, userName=coderr]
2020-09-25 12:45:51 DEBUG Incoming request to saveUser :UserDTO [id=null, userName=coderr]
2020-09-25 12:45:55 DEBUG Incoming request to save/update :UserDTO [id=null, userName=coderr]
2020-09-25 12:45:55 DEBUG Incoming request to saveUser :UserDTO [id=null, userName=coderr]
2020-09-25 12:48:34 DEBUG Incoming request to save/update :UserDTO [id=null, userName=coderr]
2020-09-25 12:48:34 DEBUG Incoming request to saveUser :UserDTO [id=null, userName=coderr]
2020-09-25 12:48:36 DEBUG Incoming request to save/update :UserDTO [id=null, userName=coderr]
2020-09-25 12:48:36 DEBUG Incoming request to saveUser :UserDTO [id=null, userName=coderr]
2020-09-25 12:48:38 DEBUG Incoming request to save/update :UserDTO [id=null, userName=coderr]
2020-09-25 12:48:38 DEBUG Incoming request to saveUser :UserDTO [id=null, userName=coderr]
2020-09-25 12:48:43 DEBUG Incoming request to save/update :UserDTO [id=null, userName=coderr]
2020-09-25 12:48:43 DEBUG Incoming request to saveUser :UserDTO [id=null, userName=coderr]
2020-09-25 12:54:41 DEBUG Incoming request to save/update :UserDTO [id=null, userName=coderr]
2020-09-25 12:54:41 DEBUG Incoming request to saveUser :UserDTO [id=null, userName=coderr]
2020-09-25 12:54:42 DEBUG Incoming request to save/update :UserDTO [id=null, userName=coderr]
2020-09-25 12:54:42 DEBUG Incoming request to saveUser :UserDTO [id=null, userName=coderr]
2020-09-25 12:54:43 DEBUG Incoming request to save/update :UserDTO [id=null, userName=coderr]
2020-09-25 12:54:43 DEBUG Incoming request to saveUser :UserDTO [id=null, userName=coderr]
2020-09-25 12:54:44 DEBUG Incoming request to save/update :UserDTO [id=null, userName=coderr]
2020-09-25 12:54:44 DEBUG Incoming request to saveUser :UserDTO [id=null, userName=coderr]
2020-09-25 12:54:45 DEBUG Incoming request to save/update :UserDTO [id=null, userName=coderr]
2020-09-25 12:54:45 DEBUG Incoming request to saveUser :UserDTO [id=null, userName=coderr]
2020-09-25 12:55:18 DEBUG Incoming request to save/update :UserDTO [id=null, userName=coderr]
2020-09-25 12:55:18 DEBUG Incoming request to saveUser :UserDTO [id=null, userName=coderr]
2020-09-25 12:56:10 DEBUG Incoming request to save/update :UserDTO [id=null, userName=coderr]
2020-09-25 12:56:10 DEBUG Incoming request to saveUser :UserDTO [id=null, userName=coderr]
2020-09-25 12:57:16 DEBUG Incoming request to save/update :UserDTO [id=null, userName=coderr]
2020-09-25 12:57:16 DEBUG Incoming request to saveUser :UserDTO [id=null, userName=coderr]
2020-09-25 12:57:17 DEBUG Incoming request to save/update :UserDTO [id=null, userName=coderr]
2020-09-25 12:57:17 DEBUG Incoming request to saveUser :UserDTO [id=null, userName=coderr]
2020-09-25 12:57:18 DEBUG Incoming request to save/update :UserDTO [id=null, userName=coderr]
2020-09-25 12:57:18 DEBUG Incoming request to saveUser :UserDTO [id=null, userName=coderr]
2020-09-25 12:57:19 DEBUG Incoming request to save/update :UserDTO [id=null, userName=coderr]
2020-09-25 12:57:19 DEBUG Incoming request to saveUser :UserDTO [id=null, userName=coderr]
2020-09-25 12:57:20 DEBUG Incoming request to save/update :UserDTO [id=null, userName=coderr]
2020-09-25 12:57:20 DEBUG Incoming request to saveUser :UserDTO [id=null, userName=coderr]
2020-09-25 12:57:20 DEBUG Incoming request to save/update :UserDTO [id=null, userName=coderr]
2020-09-25 12:57:20 DEBUG Incoming request to saveUser :UserDTO [id=null, userName=coderr]
2020-09-25 12:57:21 DEBUG Incoming request to save/update :UserDTO [id=null, userName=coderr]
2020-09-25 12:57:21 DEBUG Incoming request to saveUser :UserDTO [id=null, userName=coderr]
2020-09-25 12:57:22 DEBUG Incoming request to save/update :UserDTO [id=null, userName=coderr]
2020-09-25 12:57:22 DEBUG Incoming request to saveUser :UserDTO [id=null, userName=coderr]
2020-09-25 12:57:23 DEBUG Incoming request to save/update :UserDTO [id=null, userName=coderr]
2020-09-25 12:57:23 DEBUG Incoming request to saveUser :UserDTO [id=null, userName=coderr]
2020-09-25 12:57:23 DEBUG Incoming request to save/update :UserDTO [id=null, userName=coderr]
2020-09-25 12:57:23 DEBUG Incoming request to saveUser :UserDTO [id=null, userName=coderr]
2020-09-25 12:57:27 DEBUG Incoming request to save/update :UserDTO [id=null, userName=coderrr]
2020-09-25 12:57:27 DEBUG Incoming request to saveUser :UserDTO [id=null, userName=coderrr]
2020-09-25 12:57:29 DEBUG Incoming request to save/update :UserDTO [id=null, userName=coderrr]
2020-09-25 12:57:29 DEBUG Incoming request to saveUser :UserDTO [id=null, userName=coderrr]
2020-09-25 13:18:51 DEBUG Incoming request to save/update :UserDTO [id=null, userName=coderrr]
2020-09-25 13:18:51 DEBUG Incoming request to saveUser :UserDTO [id=null, userName=coderrr]
2020-09-25 13:19:09 DEBUG Incoming request to save/update :UserDTO [id=null, userName=coderrr]
2020-09-25 13:19:09 DEBUG Incoming request to saveUser :UserDTO [id=null, userName=coderrr]
2020-09-25 13:19:26 DEBUG Incoming request to save/update :UserDTO [id=null, userName=]
2020-09-25 13:19:26 DEBUG Incoming request to saveUser :UserDTO [id=null, userName=]
2020-09-25 13:19:28 DEBUG Incoming request to save/update :UserDTO [id=null, userName=]
2020-09-25 13:19:28 DEBUG Incoming request to saveUser :UserDTO [id=null, userName=]
2020-09-25 13:19:43 DEBUG Incoming request to save/update :UserDTO [id=null, userName=1]
2020-09-25 13:19:43 DEBUG Incoming request to saveUser :UserDTO [id=null, userName=1]
2020-09-25 14:07:05 DEBUG Incoming request to save/update :UserDTO [id=null, userName=1]
2020-09-25 14:07:05 DEBUG Incoming request to saveUser :UserDTO [id=null, userName=1]
2020-09-25 14:07:07 DEBUG Incoming request to save/update :UserDTO [id=null, userName=1]
2020-09-25 14:07:07 DEBUG Incoming request to saveUser :UserDTO [id=null, userName=1]
2020-09-25 14:07:16 DEBUG Incoming request to save/update :UserDTO [id=null, userName=kusuma]
2020-09-25 14:07:16 DEBUG Incoming request to saveUser :UserDTO [id=null, userName=kusuma]
2020-09-25 14:08:24 DEBUG Incoming request to save/update :UserDTO [id=null, userName=kusuma]
2020-09-25 14:08:24 DEBUG Incoming request to saveUser :UserDTO [id=null, userName=kusuma]
2020-09-25 14:10:33 DEBUG Incoming request to save/update :UserDTO [id=null, userName=kusum]
2020-09-25 14:10:33 DEBUG Incoming request to saveUser :UserDTO [id=null, userName=kusum]
2020-09-25 14:10:45 DEBUG Incoming request to save/update :UserDTO [id=null, userName=k]
2020-09-25 14:10:45 DEBUG Incoming request to saveUser :UserDTO [id=null, userName=k]
2020-09-25 14:10:58 DEBUG Incoming request to save/update :UserDTO [id=null, userName=kusuma]
2020-09-25 14:10:58 DEBUG Incoming request to saveUser :UserDTO [id=null, userName=kusuma]
2020-09-25 14:12:25 DEBUG Incoming request to save/update :UserDTO [id=null, userName=kusuma]
2020-09-25 14:12:25 DEBUG Incoming request to saveUser :UserDTO [id=null, userName=kusuma]
2020-09-25 14:13:19 DEBUG Incoming request to save/update :UserDTO [id=null, userName=coder]
2020-09-25 14:13:19 DEBUG Incoming request to saveUser :UserDTO [id=null, userName=coder]
2020-09-25 14:13:51 DEBUG Incoming request to save/update :UserDTO [id=null, userName=coder]
2020-09-25 14:13:51 DEBUG Incoming request to saveUser :UserDTO [id=null, userName=coder]
2020-09-25 14:14:05 DEBUG Incoming request to save/update :UserDTO [id=null, userName=c]
2020-09-25 14:14:05 DEBUG Incoming request to saveUser :UserDTO [id=null, userName=c]
2020-09-25 14:14:38 DEBUG Incoming request to save/update :UserDTO [id=null, userName=coder]
2020-09-25 14:14:38 DEBUG Incoming request to saveUser :UserDTO [id=null, userName=coder]
2020-09-25 14:14:40 DEBUG Incoming request to save/update :UserDTO [id=null, userName=coder]
2020-09-25 14:14:40 DEBUG Incoming request to saveUser :UserDTO [id=null, userName=coder]
2020-09-25 14:14:41 DEBUG Incoming request to save/update :UserDTO [id=null, userName=coder]
2020-09-25 14:14:41 DEBUG Incoming request to saveUser :UserDTO [id=null, userName=coder]
2020-09-25 14:14:41 DEBUG Incoming request to save/update :UserDTO [id=null, userName=coder]
2020-09-25 14:14:41 DEBUG Incoming request to saveUser :UserDTO [id=null, userName=coder]
2020-09-25 14:14:42 DEBUG Incoming request to save/update :UserDTO [id=null, userName=coder]
2020-09-25 14:14:42 DEBUG Incoming request to saveUser :UserDTO [id=null, userName=coder]
2020-09-25 14:14:42 DEBUG Incoming request to save/update :UserDTO [id=null, userName=coder]
2020-09-25 14:14:42 DEBUG Incoming request to saveUser :UserDTO [id=null, userName=coder]
2020-09-25 14:15:37 DEBUG Incoming request to save/update :UserDTO [id=null, userName=coder]
2020-09-25 14:15:37 DEBUG Incoming request to saveUser :UserDTO [id=null, userName=coder]
2020-09-25 14:15:46 DEBUG Incoming request to save/update :UserDTO [id=null, userName=coder]
2020-09-25 14:15:46 DEBUG Incoming request to saveUser :UserDTO [id=null, userName=coder]
2020-09-25 14:16:18 DEBUG Incoming request to save/update :UserDTO [id=null, userName=coder]
2020-09-25 14:16:18 DEBUG Incoming request to saveUser :UserDTO [id=null, userName=coder]
2020-09-25 14:16:22 DEBUG Incoming request to save/update :UserDTO [id=null, userName=coder]
2020-09-25 14:16:22 DEBUG Incoming request to saveUser :UserDTO [id=null, userName=coder]
2020-09-25 14:16:25 DEBUG Incoming request to save/update :UserDTO [id=null, userName=coderr]
2020-09-25 14:16:25 DEBUG Incoming request to saveUser :UserDTO [id=null, userName=coderr]
2020-09-25 14:17:15 DEBUG Incoming request to save/update :UserDTO [id=null, userName=coderr]
2020-09-25 14:17:15 DEBUG Incoming request to saveUser :UserDTO [id=null, userName=coderr]
2020-09-25 14:19:08 DEBUG Incoming request to save/update :UserDTO [id=null, userName=coderr]
2020-09-25 14:19:08 DEBUG Incoming request to saveUser :UserDTO [id=null, userName=coderr]
2020-09-25 14:19:10 DEBUG Incoming request to save/update :UserDTO [id=null, userName=coderr]
2020-09-25 14:19:10 DEBUG Incoming request to saveUser :UserDTO [id=null, userName=coderr]
2020-09-25 14:19:11 DEBUG Incoming request to save/update :UserDTO [id=null, userName=coderr]
2020-09-25 14:19:11 DEBUG Incoming request to saveUser :UserDTO [id=null, userName=coderr]
2020-09-25 14:20:28 DEBUG Incoming request to save/update :UserDTO [id=null, userName=coderr]
2020-09-25 14:20:28 DEBUG Incoming request to saveUser :UserDTO [id=null, userName=coderr]
2020-09-25 14:20:31 DEBUG Incoming request to save/update :UserDTO [id=null, userName=coderr]
2020-09-25 14:20:31 DEBUG Incoming request to saveUser :UserDTO [id=null, userName=coderr]
2020-09-25 14:27:44 DEBUG Incoming request to save/update :UserDTO [id=null, userName=coderr]
2020-09-25 14:27:44 DEBUG Incoming request to saveUser :UserDTO [id=null, userName=coderr]
2020-09-25 14:27:46 DEBUG Incoming request to save/update :UserDTO [id=null, userName=coderr]
2020-09-25 14:27:46 DEBUG Incoming request to saveUser :UserDTO [id=null, userName=coderr]
2020-09-25 14:29:58 DEBUG Incoming request to save/update :UserDTO [id=null, userName=coderr]
2020-09-25 14:29:58 DEBUG Incoming request to saveUser :UserDTO [id=null, userName=coderr]
2020-09-25 14:30:52 DEBUG Incoming request to save/update :UserDTO [id=null, userName=coderr]
2020-09-25 14:30:52 DEBUG Incoming request to saveUser :UserDTO [id=null, userName=coderr]
2020-09-25 14:31:05 DEBUG Incoming request to save/update :UserDTO [id=null, userName=coderr]
2020-09-25 14:31:05 DEBUG Incoming request to saveUser :UserDTO [id=null, userName=coderr]
2020-09-25 14:33:14 DEBUG Incoming request to save/update :UserDTO [id=null, userName=co]
2020-09-25 14:33:14 DEBUG Incoming request to saveUser :UserDTO [id=null, userName=co]
2020-09-25 14:33:18 DEBUG Incoming request to save/update :UserDTO [id=null, userName=c]
2020-09-25 14:33:18 DEBUG Incoming request to saveUser :UserDTO [id=null, userName=c]
2020-09-25 14:33:34 DEBUG Incoming request to save/update :UserDTO [id=null, userName=co]
2020-09-25 14:33:34 DEBUG Incoming request to saveUser :UserDTO [id=null, userName=co]
2020-09-25 14:33:37 DEBUG Incoming request to save/update :UserDTO [id=null, userName=co]
2020-09-25 14:33:37 DEBUG Incoming request to saveUser :UserDTO [id=null, userName=co]
2020-09-25 14:33:54 DEBUG Incoming request to save/update :UserDTO [id=null, userName=co]
2020-09-25 14:33:54 DEBUG Incoming request to saveUser :UserDTO [id=null, userName=co]
2020-09-25 14:37:17 DEBUG Incoming request to save/update :UserDTO [id=null, userName=codeer]
2020-09-25 14:37:17 DEBUG Incoming request to saveUser :UserDTO [id=null, userName=codeer]
2020-09-25 14:37:19 DEBUG Incoming request to save/update :UserDTO [id=null, userName=codeer]
2020-09-25 14:37:19 DEBUG Incoming request to saveUser :UserDTO [id=null, userName=codeer]
2020-09-25 14:37:22 DEBUG Incoming request to save/update :UserDTO [id=null, userName=codeer]
2020-09-25 14:37:22 DEBUG Incoming request to saveUser :UserDTO [id=null, userName=codeer]
2020-09-25 14:37:34 DEBUG Incoming request to save/update :UserDTO [id=null, userName=cr]
2020-09-25 14:37:34 DEBUG Incoming request to saveUser :UserDTO [id=null, userName=cr]
2020-09-25 14:39:37 DEBUG Incoming request to save/update :UserDTO [id=null, userName=codder]
2020-09-25 14:39:37 DEBUG Incoming request to saveUser :UserDTO [id=null, userName=codder]
2020-09-25 14:39:39 DEBUG Incoming request to save/update :UserDTO [id=null, userName=codder]
2020-09-25 14:39:39 DEBUG Incoming request to saveUser :UserDTO [id=null, userName=codder]
2020-09-25 14:39:49 DEBUG Incoming request to save/update :UserDTO [id=null, userName=co]
2020-09-25 14:39:49 DEBUG Incoming request to saveUser :UserDTO [id=null, userName=co]
2020-09-25 14:43:22 DEBUG Incoming request to save/update :UserDTO [id=null, userName=coderrr]
2020-09-25 14:43:22 DEBUG Incoming request to saveUser :UserDTO [id=null, userName=coderrr]
2020-09-25 14:43:24 DEBUG Incoming request to save/update :UserDTO [id=null, userName=coderrr]
2020-09-25 14:43:24 DEBUG Incoming request to saveUser :UserDTO [id=null, userName=coderrr]
2020-09-25 14:44:06 DEBUG Incoming request to save/update :UserDTO [id=null, userName=coderrr]
2020-09-25 14:44:06 DEBUG Incoming request to saveUser :UserDTO [id=null, userName=coderrr]
2020-09-25 14:44:25 DEBUG Incoming request to save/update :UserDTO [id=null, userName=coderrr]
2020-09-25 14:44:25 DEBUG Incoming request to saveUser :UserDTO [id=null, userName=coderrr]
2020-09-25 14:44:56 DEBUG Incoming request to save/update :UserDTO [id=null, userName=coderrr]
2020-09-25 14:44:56 DEBUG Incoming request to saveUser :UserDTO [id=null, userName=coderrr]
2020-09-25 14:44:58 DEBUG Incoming request to save/update :UserDTO [id=null, userName=coderrr]
2020-09-25 14:44:58 DEBUG Incoming request to saveUser :UserDTO [id=null, userName=coderrr]
2020-09-25 14:45:48 DEBUG Incoming request to save/update :UserDTO [id=null, userName=coderrr]
2020-09-25 14:45:48 DEBUG Incoming request to saveUser :UserDTO [id=null, userName=coderrr]
2020-09-25 14:45:50 DEBUG Incoming request to save/update :UserDTO [id=null, userName=coderrr]
2020-09-25 14:45:50 DEBUG Incoming request to saveUser :UserDTO [id=null, userName=coderrr]
2020-09-25 14:48:21 DEBUG Incoming request to save/update :UserDTO [id=null, userName=coderrr]
2020-09-25 14:48:21 DEBUG Incoming request to saveUser :UserDTO [id=null, userName=coderrr]
2020-09-25 14:48:22 DEBUG Incoming request to save/update :UserDTO [id=null, userName=coderrr]
2020-09-25 14:48:22 DEBUG Incoming request to saveUser :UserDTO [id=null, userName=coderrr]
2020-09-25 14:48:49 DEBUG Incoming request to save/update :UserDTO [id=null, userName=coderrr]
2020-09-25 14:48:49 DEBUG Incoming request to saveUser :UserDTO [id=null, userName=coderrr]
2020-09-25 14:49:37 DEBUG Incoming request to save/update :UserDTO [id=null, userName=coderrr]
2020-09-25 14:49:37 DEBUG Incoming request to saveUser :UserDTO [id=null, userName=coderrr]
2020-09-25 14:50:19 DEBUG Incoming request to save/update :UserDTO [id=null, userName=coderrr]
2020-09-25 14:50:19 DEBUG Incoming request to saveUser :UserDTO [id=null, userName=coderrr]
2020-09-25 14:50:21 DEBUG Incoming request to save/update :UserDTO [id=null, userName=coderrr]
2020-09-25 14:50:21 DEBUG Incoming request to saveUser :UserDTO [id=null, userName=coderrr]
2020-09-25 14:50:21 DEBUG Incoming request to save/update :UserDTO [id=null, userName=coderrr]
2020-09-25 14:50:21 DEBUG Incoming request to saveUser :UserDTO [id=null, userName=coderrr]
2020-09-25 14:50:48 DEBUG Incoming request to save/update :UserDTO [id=null, userName=coderrr]
2020-09-25 14:50:48 DEBUG Incoming request to saveUser :UserDTO [id=null, userName=coderrr]
2020-09-25 14:53:27 DEBUG Incoming request to save/update :UserDTO [id=null, userName=coderrr]
2020-09-25 14:53:27 DEBUG Incoming request to saveUser :UserDTO [id=null, userName=coderrr]
2020-09-25 14:53:30 DEBUG Incoming request to save/update :UserDTO [id=null, userName=coderrr]
2020-09-25 14:53:30 DEBUG Incoming request to saveUser :UserDTO [id=null, userName=coderrr]
2020-09-25 14:56:17 DEBUG Incoming request to save/update :UserDTO [id=null, userName=coderrr]
2020-09-25 14:56:17 DEBUG Incoming request to saveUser :UserDTO [id=null, userName=coderrr]
2020-09-25 14:56:19 DEBUG Incoming request to save/update :UserDTO [id=null, userName=coderrr]
2020-09-25 14:56:19 DEBUG Incoming request to saveUser :UserDTO [id=null, userName=coderrr]
2020-09-25 14:56:20 DEBUG Incoming request to save/update :UserDTO [id=null, userName=coderrr]
2020-09-25 14:56:20 DEBUG Incoming request to saveUser :UserDTO [id=null, userName=coderrr]
2020-09-25 14:56:20 DEBUG Incoming request to save/update :UserDTO [id=null, userName=coderrr]
2020-09-25 14:56:20 DEBUG Incoming request to saveUser :UserDTO [id=null, userName=coderrr]
2020-09-25 14:56:21 DEBUG Incoming request to save/update :UserDTO [id=null, userName=coderrr]
2020-09-25 14:56:21 DEBUG Incoming request to saveUser :UserDTO [id=null, userName=coderrr]
2020-09-25 14:56:22 DEBUG Incoming request to save/update :UserDTO [id=null, userName=coderrr]
2020-09-25 14:56:22 DEBUG Incoming request to saveUser :UserDTO [id=null, userName=coderrr]
2020-09-25 14:56:23 DEBUG Incoming request to save/update :UserDTO [id=null, userName=coderrr]
2020-09-25 14:56:23 DEBUG Incoming request to saveUser :UserDTO [id=null, userName=coderrr]
2020-09-25 14:56:24 DEBUG Incoming request to save/update :UserDTO [id=null, userName=coderrr]
2020-09-25 14:56:24 DEBUG Incoming request to saveUser :UserDTO [id=null, userName=coderrr]
2020-09-25 14:56:25 DEBUG Incoming request to save/update :UserDTO [id=null, userName=coderrr]
2020-09-25 14:56:25 DEBUG Incoming request to saveUser :UserDTO [id=null, userName=coderrr]
2020-09-25 14:57:44 DEBUG Incoming request to save/update :UserDTO [id=null, userName=coderrr]
2020-09-25 14:57:44 DEBUG Incoming request to saveUser :UserDTO [id=null, userName=coderrr]
2020-09-25 14:58:11 DEBUG Incoming request to save/update :UserDTO [id=null, userName=coderrr]
2020-09-25 14:58:11 DEBUG Incoming request to saveUser :UserDTO [id=null, userName=coderrr]
2020-09-25 14:58:19 DEBUG Incoming request to save/update :UserDTO [id=null, userName=coderrr]
2020-09-25 14:58:19 DEBUG Incoming request to saveUser :UserDTO [id=null, userName=coderrr]
2020-09-25 14:58:27 DEBUG Incoming request to save/update :UserDTO [id=null, userName=coderrr]
2020-09-25 14:58:27 DEBUG Incoming request to saveUser :UserDTO [id=null, userName=coderrr]
2020-09-25 14:58:40 DEBUG Incoming request to save/update :UserDTO [id=null, userName=co]
2020-09-25 14:58:40 DEBUG Incoming request to saveUser :UserDTO [id=null, userName=co]
2020-09-25 14:58:49 DEBUG Incoming request to save/update :UserDTO [id=null, userName=coder]
2020-09-25 14:58:49 DEBUG Incoming request to saveUser :UserDTO [id=null, userName=coder]
2020-09-25 14:58:51 DEBUG Incoming request to save/update :UserDTO [id=null, userName=coder]
2020-09-25 14:58:51 DEBUG Incoming request to saveUser :UserDTO [id=null, userName=coder]
2020-09-25 15:18:10 DEBUG Incoming request to save/update :UserDTO [id=null, userName=]
2020-09-25 15:18:10 DEBUG Incoming request to saveUser :UserDTO [id=null, userName=]
2020-09-25 15:18:34 DEBUG Incoming request to save/update :UserDTO [id=null, userName=coder]
2020-09-25 15:18:34 DEBUG Incoming request to saveUser :UserDTO [id=null, userName=coder]
2020-09-25 15:20:45 DEBUG Incoming request to save/update :UserDTO [id=null, userName=null]
2020-09-25 15:20:45 DEBUG Incoming request to saveUser :UserDTO [id=null, userName=null]
2020-09-25 15:21:29 DEBUG Incoming request to save/update :UserDTO [id=null, userName=null]
2020-09-25 15:21:29 DEBUG Incoming request to saveUser :UserDTO [id=null, userName=null]
2020-09-25 15:23:04 DEBUG Incoming request to save/update :UserDTO [id=null, userName=rr]
2020-09-25 15:23:04 DEBUG Incoming request to saveUser :UserDTO [id=null, userName=rr]
2020-09-25 15:24:19 DEBUG Incoming request to save/update :UserDTO [id=null, userName=rr]
2020-09-25 15:24:19 DEBUG Incoming request to saveUser :UserDTO [id=null, userName=rr]
2020-09-25 15:24:26 DEBUG Incoming request to save/update :UserDTO [id=null, userName=null]
2020-09-25 15:24:26 DEBUG Incoming request to saveUser :UserDTO [id=null, userName=null]
2020-09-25 15:24:31 DEBUG Incoming request to save/update :UserDTO [id=null, userName=null]
2020-09-25 15:24:31 DEBUG Incoming request to saveUser :UserDTO [id=null, userName=null]
2020-09-25 15:24:56 DEBUG Incoming request to save/update :UserDTO [id=null, userName=null]
2020-09-25 15:24:56 DEBUG Incoming request to saveUser :UserDTO [id=null, userName=null]
2020-09-25 15:27:14 DEBUG Incoming request to save/update :UserDTO [id=null, userName=null]
2020-09-25 15:27:14 DEBUG Incoming request to saveUser :UserDTO [id=null, userName=null]
2020-09-25 15:29:02 DEBUG Incoming request to save/update :UserDTO [id=null, userName=null]
2020-09-25 15:29:02 DEBUG Incoming request to saveUser :UserDTO [id=null, userName=null]
2020-09-25 15:29:04 DEBUG Incoming request to save/update :UserDTO [id=null, userName=null]
2020-09-25 15:29:04 DEBUG Incoming request to saveUser :UserDTO [id=null, userName=null]
2020-09-25 15:29:06 DEBUG Incoming request to save/update :UserDTO [id=null, userName=null]
2020-09-25 15:29:06 DEBUG Incoming request to saveUser :UserDTO [id=null, userName=null]
2020-09-25 15:29:06 DEBUG Incoming request to save/update :UserDTO [id=null, userName=null]
2020-09-25 15:29:06 DEBUG Incoming request to saveUser :UserDTO [id=null, userName=null]
2020-09-25 15:29:07 DEBUG Incoming request to save/update :UserDTO [id=null, userName=null]
2020-09-25 15:29:07 DEBUG Incoming request to saveUser :UserDTO [id=null, userName=null]
2020-09-25 15:29:08 DEBUG Incoming request to save/update :UserDTO [id=null, userName=null]
2020-09-25 15:29:08 DEBUG Incoming request to saveUser :UserDTO [id=null, userName=null]
2020-09-25 15:29:12 DEBUG Incoming request to save/update :UserDTO [id=null, userName=nulll]
2020-09-25 15:29:12 DEBUG Incoming request to saveUser :UserDTO [id=null, userName=nulll]
2020-09-25 15:29:13 DEBUG Incoming request to save/update :UserDTO [id=null, userName=nulll]
2020-09-25 15:29:13 DEBUG Incoming request to saveUser :UserDTO [id=null, userName=nulll]
2020-09-25 15:29:22 DEBUG Incoming request to save/update :UserDTO [id=null, userName=nu]
2020-09-25 15:29:22 DEBUG Incoming request to saveUser :UserDTO [id=null, userName=nu]
2020-09-25 15:29:29 DEBUG Incoming request to save/update :UserDTO [id=null, userName=nu]
2020-09-25 15:29:29 DEBUG Incoming request to saveUser :UserDTO [id=null, userName=nu]
2020-09-25 15:31:35 DEBUG Incoming request to save/update :UserDTO [id=null, userName=nu]
2020-09-25 15:31:35 DEBUG Incoming request to saveUser :UserDTO [id=null, userName=nu]
2020-09-25 15:31:38 DEBUG Incoming request to save/update :UserDTO [id=null, userName=nu]
2020-09-25 15:31:38 DEBUG Incoming request to saveUser :UserDTO [id=null, userName=nu]
2020-09-25 15:31:50 DEBUG Incoming request to save/update :UserDTO [id=null, userName=null]
2020-09-25 15:31:50 DEBUG Incoming request to saveUser :UserDTO [id=null, userName=null]
2020-09-25 15:35:12 DEBUG Incoming request to save/update :UserDTO [id=null, userName=null]
2020-09-25 15:35:12 DEBUG Incoming request to saveUser :UserDTO [id=null, userName=null]
2020-09-25 15:35:14 DEBUG Incoming request to save/update :UserDTO [id=null, userName=null]
2020-09-25 15:35:14 DEBUG Incoming request to saveUser :UserDTO [id=null, userName=null]
2020-09-25 15:35:14 DEBUG Incoming request to save/update :UserDTO [id=null, userName=null]
2020-09-25 15:35:14 DEBUG Incoming request to saveUser :UserDTO [id=null, userName=null]
2020-09-25 15:35:16 DEBUG Incoming request to save/update :UserDTO [id=null, userName=null]
2020-09-25 15:35:16 DEBUG Incoming request to saveUser :UserDTO [id=null, userName=null]
2020-09-25 15:36:15 DEBUG Incoming request to save/update :UserDTO [id=null, userName=null]
2020-09-25 15:36:15 DEBUG Incoming request to saveUser :UserDTO [id=null, userName=null]
2020-09-25 15:42:05 DEBUG Incoming request to save/update :UserDTO [id=null, userName=null]
2020-09-25 15:42:05 DEBUG Incoming request to saveUser :UserDTO [id=null, userName=null]
2020-09-25 15:42:12 DEBUG Incoming request to save/update :UserDTO [id=null, userName=coder]
2020-09-25 15:42:12 DEBUG Incoming request to saveUser :UserDTO [id=null, userName=coder]
2020-09-25 15:42:17 DEBUG Incoming request to save/update :UserDTO [id=null, userName=coderrrr]
2020-09-25 15:42:17 DEBUG Incoming request to saveUser :UserDTO [id=null, userName=coderrrr]
2020-09-25 15:42:20 DEBUG Incoming request to save/update :UserDTO [id=null, userName=coderrrr]
2020-09-25 15:42:20 DEBUG Incoming request to saveUser :UserDTO [id=null, userName=coderrrr]
2020-09-25 15:42:35 DEBUG Incoming request to save/update :UserDTO [id=null, userName=null]
2020-09-25 15:42:35 DEBUG Incoming request to saveUser :UserDTO [id=null, userName=null]
2020-09-25 15:42:41 DEBUG Incoming request to save/update :UserDTO [id=null, userName=]
2020-09-25 15:42:41 DEBUG Incoming request to saveUser :UserDTO [id=null, userName=]
2020-09-25 15:42:43 DEBUG Incoming request to save/update :UserDTO [id=null, userName=]
2020-09-25 15:42:43 DEBUG Incoming request to saveUser :UserDTO [id=null, userName=]
2020-09-25 15:42:46 DEBUG Incoming request to save/update :UserDTO [id=null, userName=]
2020-09-25 15:42:46 DEBUG Incoming request to saveUser :UserDTO [id=null, userName=]
2020-09-25 15:55:59 DEBUG Incoming request to save/update :UserDTO [id=null, userName=]
2020-09-25 15:55:59 DEBUG Incoming request to saveUser :UserDTO [id=null, userName=]
2020-09-25 15:56:05 DEBUG Incoming request to save/update :UserDTO [id=null, userName=]
2020-09-25 15:56:05 DEBUG Incoming request to saveUser :UserDTO [id=null, userName=]
2020-09-25 15:56:08 DEBUG Incoming request to save/update :UserDTO [id=null, userName=]
2020-09-25 15:56:08 DEBUG Incoming request to saveUser :UserDTO [id=null, userName=]
2020-09-25 15:56:09 DEBUG Incoming request to save/update :UserDTO [id=null, userName=]
2020-09-25 15:56:09 DEBUG Incoming request to saveUser :UserDTO [id=null, userName=]
2020-09-25 15:56:10 DEBUG Incoming request to save/update :UserDTO [id=null, userName=]
2020-09-25 15:56:10 DEBUG Incoming request to saveUser :UserDTO [id=null, userName=]
2020-09-25 15:56:11 DEBUG Incoming request to save/update :UserDTO [id=null, userName=]
2020-09-25 15:56:11 DEBUG Incoming request to saveUser :UserDTO [id=null, userName=]
2020-09-25 15:56:11 DEBUG Incoming request to save/update :UserDTO [id=null, userName=]
2020-09-25 15:56:11 DEBUG Incoming request to saveUser :UserDTO [id=null, userName=]
2020-09-25 15:56:17 DEBUG Incoming request to save/update :UserDTO [id=null, userName=coder]
2020-09-25 15:56:17 DEBUG Incoming request to saveUser :UserDTO [id=null, userName=coder]
2020-09-25 15:56:18 DEBUG Incoming request to save/update :UserDTO [id=null, userName=coder]
2020-09-25 15:56:18 DEBUG Incoming request to saveUser :UserDTO [id=null, userName=coder]
2020-09-25 15:56:28 DEBUG Incoming request to save/update :UserDTO [id=null, userName=]
2020-09-25 15:56:28 DEBUG Incoming request to saveUser :UserDTO [id=null, userName=]
2020-09-25 15:56:29 DEBUG Incoming request to save/update :UserDTO [id=null, userName=]
2020-09-25 15:56:29 DEBUG Incoming request to saveUser :UserDTO [id=null, userName=]
2020-09-25 15:56:30 DEBUG Incoming request to save/update :UserDTO [id=null, userName=]
2020-09-25 15:56:30 DEBUG Incoming request to saveUser :UserDTO [id=null, userName=]
2020-09-25 15:57:06 DEBUG Incoming request to save/update :UserDTO [id=null, userName=]
2020-09-25 15:57:06 DEBUG Incoming request to saveUser :UserDTO [id=null, userName=]
2020-09-25 15:57:18 DEBUG Incoming request to save/update :UserDTO [id=null, userName=]
2020-09-25 15:57:18 DEBUG Incoming request to saveUser :UserDTO [id=null, userName=]
2020-09-25 15:57:21 DEBUG Incoming request to save/update :UserDTO [id=null, userName=]
2020-09-25 15:57:21 DEBUG Incoming request to saveUser :UserDTO [id=null, userName=]
2020-09-25 15:57:59 DEBUG Incoming request to save/update :UserDTO [id=null, userName=]
2020-09-25 15:57:59 DEBUG Incoming request to saveUser :UserDTO [id=null, userName=]
2020-09-25 15:58:00 DEBUG Incoming request to save/update :UserDTO [id=null, userName=]
2020-09-25 15:58:00 DEBUG Incoming request to saveUser :UserDTO [id=null, userName=]
2020-09-25 16:11:18 DEBUG Incoming request to save/update :UserDTO [id=null, userName=]
2020-09-25 16:11:18 DEBUG Incoming request to saveUser :UserDTO [id=null, userName=]
2020-09-25 16:11:20 DEBUG Incoming request to save/update :UserDTO [id=null, userName=]
2020-09-25 16:11:20 DEBUG Incoming request to saveUser :UserDTO [id=null, userName=]
2020-09-25 16:11:31 DEBUG Incoming request to save/update :UserDTO [id=null, userName=]
2020-09-25 16:11:31 DEBUG Incoming request to saveUser :UserDTO [id=null, userName=]
2020-09-25 16:16:25 DEBUG Incoming request to save/update :UserDTO [id=null, userName=]
2020-09-25 16:16:25 DEBUG Incoming request to saveUser :UserDTO [id=null, userName=]
2020-09-25 16:16:46 DEBUG Incoming request to save/update :UserDTO [id=null, userName=]
2020-09-25 16:16:46 DEBUG Incoming request to saveUser :UserDTO [id=null, userName=]
2020-09-25 16:17:16 DEBUG Incoming request to save/update :UserDTO [id=null, userName=]
2020-09-25 16:17:16 DEBUG Incoming request to saveUser :UserDTO [id=null, userName=]
2020-09-25 16:17:21 DEBUG Incoming request to save/update :UserDTO [id=null, userName=coder]
2020-09-25 16:17:21 DEBUG Incoming request to saveUser :UserDTO [id=null, userName=coder]
2020-09-25 16:17:22 DEBUG Incoming request to save/update :UserDTO [id=null, userName=coder]
2020-09-25 16:17:22 DEBUG Incoming request to saveUser :UserDTO [id=null, userName=coder]
2020-09-25 16:17:23 DEBUG Incoming request to save/update :UserDTO [id=null, userName=coder]
2020-09-25 16:17:23 DEBUG Incoming request to saveUser :UserDTO [id=null, userName=coder]
2020-09-25 16:17:25 DEBUG Incoming request to save/update :UserDTO [id=null, userName=coder]
2020-09-25 16:17:25 DEBUG Incoming request to saveUser :UserDTO [id=null, userName=coder]
2020-09-25 16:17:28 DEBUG Incoming request to save/update :UserDTO [id=null, userName=coderr]
2020-09-25 16:17:28 DEBUG Incoming request to saveUser :UserDTO [id=null, userName=coderr]
2020-09-25 16:17:29 DEBUG Incoming request to save/update :UserDTO [id=null, userName=coderr]
2020-09-25 16:17:29 DEBUG Incoming request to saveUser :UserDTO [id=null, userName=coderr]
2020-09-25 16:21:21 DEBUG Incoming request to save/update :UserDTO [id=null, userName=coderr]
2020-09-25 16:21:21 DEBUG Incoming request to saveUser :UserDTO [id=null, userName=coderr]
2020-09-25 16:21:29 DEBUG Incoming request to save/update :UserDTO [id=null, userName=coderr]
2020-09-25 16:21:29 DEBUG Incoming request to saveUser :UserDTO [id=null, userName=coderr]
2020-09-25 16:21:30 DEBUG Incoming request to save/update :UserDTO [id=null, userName=coderr]
2020-09-25 16:21:30 DEBUG Incoming request to saveUser :UserDTO [id=null, userName=coderr]
2020-09-25 16:21:40 DEBUG Incoming request to save/update :UserDTO [id=null, userName=]
2020-09-25 16:21:40 DEBUG Incoming request to saveUser :UserDTO [id=null, userName=]
2020-09-25 16:22:55 DEBUG Incoming request to save/update :UserDTO [id=null, userName=kusuma]
2020-09-25 16:22:55 DEBUG Incoming request to saveUser :UserDTO [id=null, userName=kusuma]
2020-09-25 16:22:57 DEBUG Incoming request to save/update :UserDTO [id=null, userName=kusuma]
2020-09-25 16:22:57 DEBUG Incoming request to saveUser :UserDTO [id=null, userName=kusuma]
2020-09-25 16:23:45 DEBUG Incoming request to save/update :UserDTO [id=null, userName=]
2020-09-25 16:23:45 DEBUG Incoming request to saveUser :UserDTO [id=null, userName=]
2020-09-25 16:23:57 DEBUG Incoming request to save/update :UserDTO [id=null, userName=null]
2020-09-25 16:23:57 DEBUG Incoming request to saveUser :UserDTO [id=null, userName=null]
2020-09-25 16:26:17 DEBUG Incoming request to save/update :UserDTO [id=null, userName=null]
2020-09-25 16:26:17 DEBUG Incoming request to saveUser :UserDTO [id=null, userName=null]
2020-09-25 16:27:24 DEBUG Incoming request to save/update :UserDTO [id=null, userName=null]
2020-09-25 16:27:24 DEBUG Incoming request to saveUser :UserDTO [id=null, userName=null]
2020-09-25 16:27:30 DEBUG Incoming request to save/update :UserDTO [id=null, userName=null]
2020-09-25 16:27:30 DEBUG Incoming request to saveUser :UserDTO [id=null, userName=null]
2020-09-25 16:27:33 DEBUG Incoming request to save/update :UserDTO [id=null, userName=null]
2020-09-25 16:27:33 DEBUG Incoming request to saveUser :UserDTO [id=null, userName=null]
2020-09-25 16:27:38 DEBUG Incoming request to save/update :UserDTO [id=null, userName=]
2020-09-25 16:27:38 DEBUG Incoming request to saveUser :UserDTO [id=null, userName=]
2020-09-25 16:27:46 DEBUG Incoming request to save/update :UserDTO [id=null, userName=null]
2020-09-25 16:27:46 DEBUG Incoming request to saveUser :UserDTO [id=null, userName=null]
2020-09-25 16:28:14 DEBUG Incoming request to save/update :UserDTO [id=null, userName=null]
2020-09-25 16:28:14 DEBUG Incoming request to saveUser :UserDTO [id=null, userName=null]
2020-09-25 16:35:02 DEBUG Incoming request to save/update :UserDTO [id=null, userName=null]
2020-09-25 16:35:02 DEBUG Incoming request to saveUser :UserDTO [id=null, userName=null]
2020-09-25 16:36:38 DEBUG Incoming request to save/update :UserDTO [id=null, userName=null]
2020-09-25 16:36:38 DEBUG Incoming request to saveUser :UserDTO [id=null, userName=null]
2020-09-25 16:38:30 DEBUG Incoming request to save/update :UserDTO [id=null, userName=null]
2020-09-25 16:38:30 DEBUG Incoming request to saveUser :UserDTO [id=null, userName=null]
2020-09-25 16:39:06 DEBUG Incoming request to save/update :UserDTO [id=null, userName=null]
2020-09-25 16:39:06 DEBUG Incoming request to saveUser :UserDTO [id=null, userName=null]
2020-09-25 16:42:31 DEBUG Incoming request to save/update :UserDTO [id=null, userName=null]
2020-09-25 16:42:31 DEBUG Incoming request to saveUser :UserDTO [id=null, userName=null]
2020-09-25 16:42:56 DEBUG Incoming request to save/update :UserDTO [id=null, userName=null]
2020-09-25 16:42:56 DEBUG Incoming request to saveUser :UserDTO [id=null, userName=null]
2020-09-25 16:45:32 DEBUG Incoming request to save/update :UserDTO [id=null, userName=null]
2020-09-25 16:45:32 DEBUG Incoming request to saveUser :UserDTO [id=null, userName=null]
2020-09-25 16:46:20 DEBUG Incoming request to save/update :UserDTO [id=null, userName=null]
2020-09-25 16:46:20 DEBUG Incoming request to saveUser :UserDTO [id=null, userName=null]
2020-09-25 16:47:00 DEBUG Incoming request to save/update :UserDTO [id=null, userName=null]
2020-09-25 16:47:00 DEBUG Incoming request to saveUser :UserDTO [id=null, userName=null]
2020-09-25 16:47:03 DEBUG Incoming request to save/update :UserDTO [id=null, userName=null]
2020-09-25 16:47:03 DEBUG Incoming request to saveUser :UserDTO [id=null, userName=null]
2020-09-25 16:48:29 DEBUG Incoming request to save/update :UserDTO [id=null, userName=null]
2020-09-25 16:48:29 DEBUG Incoming request to saveUser :UserDTO [id=null, userName=null]
2020-09-25 16:48:36 DEBUG Incoming request to save/update :UserDTO [id=null, userName=null]
2020-09-25 16:48:36 DEBUG Incoming request to saveUser :UserDTO [id=null, userName=null]
2020-09-25 16:48:37 DEBUG Incoming request to save/update :UserDTO [id=null, userName=null]
2020-09-25 16:48:37 DEBUG Incoming request to saveUser :UserDTO [id=null, userName=null]
2020-09-25 16:48:38 DEBUG Incoming request to save/update :UserDTO [id=null, userName=null]
2020-09-25 16:48:38 DEBUG Incoming request to saveUser :UserDTO [id=null, userName=null]
2020-09-25 16:49:25 DEBUG Incoming request to save/update :UserDTO [id=null, userName=null]
2020-09-25 16:49:25 DEBUG Incoming request to saveUser :UserDTO [id=null, userName=null]
2020-09-25 16:49:26 DEBUG Incoming request to save/update :UserDTO [id=null, userName=null]
2020-09-25 16:49:26 DEBUG Incoming request to saveUser :UserDTO [id=null, userName=null]
2020-09-25 16:49:27 DEBUG Incoming request to save/update :UserDTO [id=null, userName=null]
2020-09-25 16:49:27 DEBUG Incoming request to saveUser :UserDTO [id=null, userName=null]
2020-09-25 16:49:28 DEBUG Incoming request to save/update :UserDTO [id=null, userName=null]
2020-09-25 16:49:28 DEBUG Incoming request to saveUser :UserDTO [id=null, userName=null]
2020-09-25 16:49:36 DEBUG Incoming request to save/update :UserDTO [id=null, userName=null]
2020-09-25 16:49:36 DEBUG Incoming request to saveUser :UserDTO [id=null, userName=null]
2020-09-25 16:50:37 DEBUG Incoming request to save/update :UserDTO [id=null, userName=null]
2020-09-25 16:50:37 DEBUG Incoming request to saveUser :UserDTO [id=null, userName=null]
2020-09-25 16:50:51 DEBUG Incoming request to save/update :UserDTO [id=null, userName=null]
2020-09-25 16:50:51 DEBUG Incoming request to saveUser :UserDTO [id=null, userName=null]
2020-09-25 16:53:22 DEBUG Incoming request to save/update :UserDTO [id=null, userName=nulll]
2020-09-25 16:53:22 DEBUG Incoming request to saveUser :UserDTO [id=null, userName=nulll]
2020-09-25 16:53:27 DEBUG Incoming request to save/update :UserDTO [id=null, userName=nullll]
2020-09-25 16:53:27 DEBUG Incoming request to saveUser :UserDTO [id=null, userName=nullll]
2020-09-25 16:56:03 DEBUG Incoming request to save/update :UserDTO [id=null, userName=nullll]
2020-09-25 16:56:03 DEBUG Incoming request to saveUser :UserDTO [id=null, userName=nullll]
2020-09-25 16:56:04 DEBUG Incoming request to save/update :UserDTO [id=null, userName=nullll]
2020-09-25 16:56:04 DEBUG Incoming request to saveUser :UserDTO [id=null, userName=nullll]
2020-09-25 16:56:06 DEBUG Incoming request to save/update :UserDTO [id=null, userName=nullll]
2020-09-25 16:56:06 DEBUG Incoming request to saveUser :UserDTO [id=null, userName=nullll]
2020-09-25 16:56:12 DEBUG Incoming request to save/update :UserDTO [id=null, userName=null]
2020-09-25 16:56:12 DEBUG Incoming request to saveUser :UserDTO [id=null, userName=null]
2020-09-25 16:56:23 DEBUG Incoming request to save/update :UserDTO [id=null, userName=null]
2020-09-25 16:56:23 DEBUG Incoming request to saveUser :UserDTO [id=null, userName=null]
2020-09-25 16:57:02 DEBUG Incoming request to save/update :UserDTO [id=null, userName=null]
2020-09-25 16:57:02 DEBUG Incoming request to saveUser :UserDTO [id=null, userName=null]
2020-09-25 16:57:23 DEBUG Incoming request to save/update :UserDTO [id=null, userName=null]
2020-09-25 16:57:23 DEBUG Incoming request to saveUser :UserDTO [id=null, userName=null]
2020-09-25 16:57:25 DEBUG Incoming request to save/update :UserDTO [id=null, userName=null]
2020-09-25 16:57:25 DEBUG Incoming request to saveUser :UserDTO [id=null, userName=null]
2020-09-25 16:58:02 DEBUG Incoming request to save/update :UserDTO [id=null, userName=null]
2020-09-25 16:58:02 DEBUG Incoming request to saveUser :UserDTO [id=null, userName=null]
2020-09-25 16:58:04 DEBUG Incoming request to save/update :UserDTO [id=null, userName=null]
2020-09-25 16:58:04 DEBUG Incoming request to saveUser :UserDTO [id=null, userName=null]
2020-09-25 16:58:09 DEBUG Incoming request to save/update :UserDTO [id=null, userName=null]
2020-09-25 16:58:09 DEBUG Incoming request to saveUser :UserDTO [id=null, userName=null]
2020-09-25 16:59:57 DEBUG Incoming request to save/update :UserDTO [id=null, userName=null]
2020-09-25 16:59:57 DEBUG Incoming request to saveUser :UserDTO [id=null, userName=null]
2020-09-25 17:01:46 DEBUG Incoming request to save/update :UserDTO [id=null, userName=null]
2020-09-25 17:01:46 DEBUG Incoming request to saveUser :UserDTO [id=null, userName=null]
2020-09-25 17:02:46 DEBUG Incoming request to save/update :UserDTO [id=null, userName=null]
2020-09-25 17:02:46 DEBUG Incoming request to saveUser :UserDTO [id=null, userName=null]
2020-09-25 17:03:09 DEBUG Incoming request to save/update :UserDTO [id=null, userName=null]
2020-09-25 17:03:09 DEBUG Incoming request to saveUser :UserDTO [id=null, userName=null]
2020-09-25 17:03:44 DEBUG Incoming request to save/update :UserDTO [id=null, userName=nnull]
2020-09-25 17:03:44 DEBUG Incoming request to saveUser :UserDTO [id=null, userName=nnull]
2020-09-25 17:03:51 DEBUG Incoming request to save/update :UserDTO [id=null, userName=nnull]
2020-09-25 17:03:51 DEBUG Incoming request to saveUser :UserDTO [id=null, userName=nnull]
2020-09-25 17:16:57 DEBUG Incoming request to save/update :UserDTO [id=null, userName=nnnull]
2020-09-25 17:16:57 DEBUG Incoming request to saveUser :UserDTO [id=null, userName=nnnull]
2020-09-25 17:17:01 DEBUG Incoming request to save/update :UserDTO [id=null, userName=nnnull]
2020-09-25 17:17:01 DEBUG Incoming request to saveUser :UserDTO [id=null, userName=nnnull]
2020-09-25 17:17:20 DEBUG Incoming request to save/update :UserDTO [id=null, userName=null]
2020-09-25 17:17:20 DEBUG Incoming request to saveUser :UserDTO [id=null, userName=null]
2020-09-25 17:45:46 DEBUG Inside uploadFile method of the controller
2020-09-25 17:45:46 DEBUG Inside Excel upload  method of service class
2020-09-25 17:50:36 DEBUG Inside uploadFile method of the controller
2020-09-25 17:50:36 DEBUG Inside Excel upload  method of service class
2020-09-25 17:51:05 DEBUG Incoming request to save/update :UserDTO [id=null, userName=lllllllllll]
2020-09-25 17:51:05 DEBUG Incoming request to saveUser :UserDTO [id=null, userName=lllllllllll]
2020-09-25 17:51:19 DEBUG Incoming request to save/update :JobInfoDTO [id=null, jobTitle=Java Developer, jobDescription=Need POC for Ecommerce website using spring boot with micro service., country=IND, state=TN, availability=Part-Time, replyRate=0, payRate=44, experience=5, skills=Java, Spring Boot, Hibernate, Micro Service, Oracle, REST, language=English, jobType=Development, user=User [id=50, userName=null]]
2020-09-25 17:51:19 DEBUG Incoming request to saveJob :JobInfoDTO [id=null, jobTitle=Java Developer, jobDescription=Need POC for Ecommerce website using spring boot with micro service., country=IND, state=TN, availability=Part-Time, replyRate=0, payRate=44, experience=5, skills=Java, Spring Boot, Hibernate, Micro Service, Oracle, REST, language=English, jobType=Development, user=User [id=50, userName=null]]
2020-09-25 17:51:36 INFO  data is received into controller-getAll
2020-09-25 17:51:59 DEBUG Inside uploadFile method of the controller
2020-09-25 17:51:59 DEBUG Inside Excel upload  method of service class
2020-09-25 18:31:10 DEBUG Incoming request to save/update :UserDTO [id=null, userName=lllllllllll]
2020-09-25 18:31:10 DEBUG Incoming request to saveUser :UserDTO [id=null, userName=lllllllllll]
2020-09-25 18:35:32 DEBUG Incoming request to save/update :UserDTO [id=null, userName=lllllllllll]
2020-09-25 18:35:40 DEBUG Incoming request to saveUser :UserDTO [id=null, userName=lllllllllll]
2020-09-25 18:37:29 DEBUG Incoming request to save/update :UserDTO [id=null, userName=lllllllllll]
2020-09-25 18:37:34 DEBUG Incoming request to saveUser :UserDTO [id=null, userName=lllllllllll]
2020-09-25 18:42:20 DEBUG Incoming request to save/update :UserDTO [id=null, userName=lllllllllllkl]
2020-09-25 18:42:20 DEBUG Incoming request to saveUser :UserDTO [id=null, userName=lllllllllllkl]
2020-09-25 18:42:23 DEBUG Incoming request to save/update :UserDTO [id=null, userName=lllllllllllkl]
2020-09-25 18:42:23 DEBUG Incoming request to saveUser :UserDTO [id=null, userName=lllllllllllkl]
2020-09-25 18:56:19 DEBUG Inside uploadFile method of the controller
2020-09-25 18:56:19 DEBUG Inside Excel upload  method of service class
2020-09-25 18:56:39 DEBUG Incoming request to save/update :UserDTO [id=null, userName=llllllllllklkl]
2020-09-25 18:56:39 DEBUG Incoming request to saveUser :UserDTO [id=null, userName=llllllllllklkl]
2020-09-25 18:57:03 DEBUG Incoming request to save/update :JobInfoDTO [id=null, jobTitle=Java Developer, jobDescription=Need POC for Ecommerce website using spring boot with micro service., country=IND, state=TN, availability=Part-Time, replyRate=0, payRate=44, experience=5, skills=Java, Spring Boot, Hibernate, Micro Service, Oracle, REST, language=English, jobType=Development, user=User [id=2, userName=null]]
2020-09-25 18:57:03 DEBUG Incoming request to saveJob :JobInfoDTO [id=null, jobTitle=Java Developer, jobDescription=Need POC for Ecommerce website using spring boot with micro service., country=IND, state=TN, availability=Part-Time, replyRate=0, payRate=44, experience=5, skills=Java, Spring Boot, Hibernate, Micro Service, Oracle, REST, language=English, jobType=Development, user=User [id=2, userName=null]]
2020-09-25 18:57:14 DEBUG Incoming request to save/update :JobInfoDTO [id=null, jobTitle=Java Developer, jobDescription=Need POC for Ecommerce website using spring boot with micro service., country=IND, state=TN, availability=Part-Time, replyRate=0, payRate=44, experience=5, skills=Java, Spring Boot, Hibernate, Micro Service, Oracle, REST, language=English, jobType=Development, user=User [id=112, userName=null]]
2020-09-25 18:57:14 DEBUG Incoming request to saveJob :JobInfoDTO [id=null, jobTitle=Java Developer, jobDescription=Need POC for Ecommerce website using spring boot with micro service., country=IND, state=TN, availability=Part-Time, replyRate=0, payRate=44, experience=5, skills=Java, Spring Boot, Hibernate, Micro Service, Oracle, REST, language=English, jobType=Development, user=User [id=112, userName=null]]
2020-09-25 18:57:43 DEBUG Inside uploadFile method of the controller
2020-09-25 18:57:43 DEBUG Inside Excel upload  method of service class
2020-09-25 19:05:03 DEBUG Inside uploadFile method of the controller
2020-09-25 19:05:03 DEBUG Inside Excel upload  method of service class
2020-09-25 19:06:24 DEBUG Inside uploadFile method of the controller
2020-09-25 19:06:24 DEBUG Inside Excel upload  method of service class
2020-09-25 19:06:24 DEBUG [Ljava.lang.StackTraceElement;@40ab7055
2020-09-25 19:07:17 DEBUG Inside uploadFile method of the controller
2020-09-25 19:07:17 DEBUG Inside Excel upload  method of service class
2020-09-26 09:16:14 DEBUG Incoming request to save/update :UserDTO [id=null, userName=coderr]
2020-09-26 09:16:14 DEBUG Incoming request to saveUser :UserDTO [id=null, userName=coderr]
2020-09-26 09:16:18 DEBUG Incoming request to save/update :UserDTO [id=null, userName=coderr]
2020-09-26 09:16:18 DEBUG Incoming request to saveUser :UserDTO [id=null, userName=coderr]
2020-09-26 09:16:20 DEBUG Incoming request to save/update :UserDTO [id=null, userName=coderr]
2020-09-26 09:16:20 DEBUG Incoming request to saveUser :UserDTO [id=null, userName=coderr]
2020-09-26 09:20:22 DEBUG Incoming request to save/update :UserDTO [id=null, userName=null]
2020-09-26 09:20:22 DEBUG Incoming request to saveUser :UserDTO [id=null, userName=null]
2020-09-26 09:20:24 DEBUG Incoming request to save/update :UserDTO [id=null, userName=null]
2020-09-26 09:20:24 DEBUG Incoming request to saveUser :UserDTO [id=null, userName=null]
2020-09-26 09:21:10 DEBUG Incoming request to save/update :UserDTO [id=null, userName=null]
2020-09-26 09:21:10 DEBUG Incoming request to saveUser :UserDTO [id=null, userName=null]
2020-09-26 09:21:12 DEBUG Incoming request to save/update :UserDTO [id=null, userName=null]
2020-09-26 09:21:12 DEBUG Incoming request to saveUser :UserDTO [id=null, userName=null]
2020-09-26 09:21:14 DEBUG Incoming request to save/update :UserDTO [id=null, userName=null]
2020-09-26 09:21:14 DEBUG Incoming request to saveUser :UserDTO [id=null, userName=null]
2020-09-26 09:25:56 DEBUG Incoming request to save/update :UserDTO [id=null, userName=null]
2020-09-26 09:25:56 DEBUG Incoming request to saveUser :UserDTO [id=null, userName=null]
2020-09-26 09:25:58 DEBUG Incoming request to save/update :UserDTO [id=null, userName=null]
2020-09-26 09:25:58 DEBUG Incoming request to saveUser :UserDTO [id=null, userName=null]
2020-09-26 09:27:17 DEBUG Incoming request to save/update :UserDTO [id=null, userName=null]
2020-09-26 09:27:17 DEBUG Incoming request to saveUser :UserDTO [id=null, userName=null]
2020-09-26 09:31:42 DEBUG Incoming request to save/update :UserDTO [id=null, userName=null]
2020-09-26 09:31:42 DEBUG Incoming request to saveUser :UserDTO [id=null, userName=null]
2020-09-26 09:33:06 DEBUG Incoming request to save/update :UserDTO [id=null, userName=null]
2020-09-26 09:33:06 DEBUG Incoming request to saveUser :UserDTO [id=null, userName=null]
2020-09-26 09:34:44 DEBUG Incoming request to save/update :UserDTO [id=null, userName=nulll]
2020-09-26 09:34:44 DEBUG Incoming request to saveUser :UserDTO [id=null, userName=nulll]
2020-09-26 09:47:26 DEBUG Incoming request to save/update :JobInfoDTO [id=null, jobTitle=Java Developer, jobDescription=Need POC for Ecommerce website using spring boot with micro service., country=IND, state=TN, availability=Part-Time, replyRate=0, payRate=44, experience=5, skills=Java, Spring Boot, Hibernate, Micro Service, Oracle, REST, language=English, jobType=Development, user=User [id=1, userName=null]]
2020-09-26 09:47:26 DEBUG Incoming request to saveJob :JobInfoDTO [id=null, jobTitle=Java Developer, jobDescription=Need POC for Ecommerce website using spring boot with micro service., country=IND, state=TN, availability=Part-Time, replyRate=0, payRate=44, experience=5, skills=Java, Spring Boot, Hibernate, Micro Service, Oracle, REST, language=English, jobType=Development, user=User [id=1, userName=null]]
2020-09-26 09:50:50 DEBUG Incoming request to save/update :JobInfoDTO [id=null, jobTitle=Java Developer, jobDescription=Need POC for Ecommerce website using spring boot with micro service., country=IND, state=TN, availability=Part-Time, replyRate=0, payRate=44, experience=5, skills=Java, Spring Boot, Hibernate, Micro Service, Oracle, REST, language=English, jobType=Development, user=User [id=1, userName=null]]
2020-09-26 09:50:50 DEBUG Incoming request to saveJob :JobInfoDTO [id=null, jobTitle=Java Developer, jobDescription=Need POC for Ecommerce website using spring boot with micro service., country=IND, state=TN, availability=Part-Time, replyRate=0, payRate=44, experience=5, skills=Java, Spring Boot, Hibernate, Micro Service, Oracle, REST, language=English, jobType=Development, user=User [id=1, userName=null]]
2020-09-26 10:11:14 DEBUG Inside uploadFile method of the controller
2020-09-26 10:11:14 DEBUG Inside Excel upload  method of service class
2020-09-26 13:03:52 DEBUG Incoming request to save/update :JobInfoDTO [id=null, jobTitle=Java Developer, jobDescription=null, country=IND, state=TN, availability=Part-Time, replyRate=0, payRate=44, experience=5, skills=Java, Spring Boot, Hibernate, Micro Service, Oracle, REST, language=English, jobType=Development, user=User [id=1, userName=null]]
2020-09-26 13:03:52 DEBUG Incoming request to saveJob :JobInfoDTO [id=null, jobTitle=Java Developer, jobDescription=null, country=IND, state=TN, availability=Part-Time, replyRate=0, payRate=44, experience=5, skills=Java, Spring Boot, Hibernate, Micro Service, Oracle, REST, language=English, jobType=Development, user=User [id=1, userName=null]]
2020-09-26 13:04:02 DEBUG Incoming request to save/update :UserDTO [id=null, userName=null]
2020-09-26 13:04:02 DEBUG Incoming request to saveUser :UserDTO [id=null, userName=null]
2020-09-26 13:04:04 DEBUG Incoming request to save/update :UserDTO [id=null, userName=null]
2020-09-26 13:04:04 DEBUG Incoming request to saveUser :UserDTO [id=null, userName=null]
2020-09-26 13:09:02 DEBUG Incoming request to save/update :User [id=null, userName=null]
2020-09-26 13:09:02 DEBUG Incoming request to saveUser :User [id=null, userName=null]
2020-09-26 13:09:05 DEBUG Incoming request to save/update :User [id=null, userName=null]
2020-09-26 13:09:05 DEBUG Incoming request to saveUser :User [id=null, userName=null]
2020-09-26 13:09:07 DEBUG Incoming request to save/update :User [id=null, userName=null]
2020-09-26 13:09:07 DEBUG Incoming request to saveUser :User [id=null, userName=null]
2020-09-26 13:11:11 DEBUG Incoming request to save/update :JobInfo [id=null, jobTitle=Java Developer, jobDescription=null, country=IND, state=TN, availability=Part-Time, replyRate=0, payRate=44, experience=5, skills=Java, Spring Boot, Hibernate, Micro Service, Oracle, REST, language=English, jobType=Development, user=User [id=1, userName=null]]
2020-09-26 13:11:11 DEBUG Incoming request to saveJob :JobInfo [id=null, jobTitle=Java Developer, jobDescription=null, country=IND, state=TN, availability=Part-Time, replyRate=0, payRate=44, experience=5, skills=Java, Spring Boot, Hibernate, Micro Service, Oracle, REST, language=English, jobType=Development, user=User [id=1, userName=null]]
2020-09-26 13:11:34 DEBUG Incoming request to save/update :User [id=null, userName=null]
2020-09-26 13:11:34 DEBUG Incoming request to saveUser :User [id=null, userName=null]
2020-09-26 13:12:27 DEBUG Incoming request to save/update :JobInfo [id=null, jobTitle=Java Developer, jobDescription=null, country=IND, state=TN, availability=Part-Time, replyRate=0, payRate=44, experience=5, skills=Java, Spring Boot, Hibernate, Micro Service, Oracle, REST, language=English, jobType=Development, user=User [id=1, userName=null]]
2020-09-26 13:12:27 DEBUG Incoming request to saveJob :JobInfo [id=null, jobTitle=Java Developer, jobDescription=null, country=IND, state=TN, availability=Part-Time, replyRate=0, payRate=44, experience=5, skills=Java, Spring Boot, Hibernate, Micro Service, Oracle, REST, language=English, jobType=Development, user=User [id=1, userName=null]]
2020-09-26 13:12:37 INFO  data is received into controller-getAll
2020-09-26 13:15:45 INFO  data is received into controller-getJobById
2020-09-26 13:15:45 DEBUG Incoming request to getJobById 
2020-09-26 13:32:48 DEBUG Incoming request to save/update :JobInfo [id=null, jobTitle=Java Developer, jobDescription=null, country=IND, state=TN, availability=Part-Time, replyRate=0, payRate=44, experience=5, skills=Java, Spring Boot, Hibernate, Micro Service, Oracle, REST, language=English, jobType=Development, user=User [id=1, userName=null]]
2020-09-26 13:32:48 DEBUG Incoming request to saveJob :JobInfo [id=null, jobTitle=Java Developer, jobDescription=null, country=IND, state=TN, availability=Part-Time, replyRate=0, payRate=44, experience=5, skills=Java, Spring Boot, Hibernate, Micro Service, Oracle, REST, language=English, jobType=Development, user=User [id=1, userName=null]]
2020-09-26 13:33:03 INFO  data is received into controller-getJobByType
2020-09-26 13:33:03 DEBUG Incoming request to getJobByType dest
2020-09-26 13:33:11 DEBUG Incoming request to save/update :User [id=null, userName=null]
2020-09-26 13:33:11 DEBUG Incoming request to saveUser :User [id=null, userName=null]
2020-09-26 13:59:43 DEBUG Incoming request to save/update :User [id=null, userName=llll]
2020-09-26 13:59:43 DEBUG Incoming request to saveUser :User [id=null, userName=llll]
2020-09-26 14:01:12 DEBUG Incoming request to save/update :User [id=null, userName=lllll]
2020-09-26 14:01:12 DEBUG Incoming request to saveUser :User [id=null, userName=lllll]
2020-09-26 14:01:14 DEBUG Incoming request to save/update :User [id=null, userName=lllll]
2020-09-26 14:01:14 DEBUG Incoming request to saveUser :User [id=null, userName=lllll]
2020-09-26 14:01:55 DEBUG Incoming request to save/update :JobInfo [id=null, jobTitle=Java Developer, jobDescription=null, country=IND, state=TN, availability=Part-Time, replyRate=0, payRate=44, experience=5, skills=Java, Spring Boot, Hibernate, Micro Service, Oracle, REST, language=English, jobType=Development, user=User [id=1, userName=null]]
2020-09-26 14:01:55 DEBUG Incoming request to saveJob :JobInfo [id=null, jobTitle=Java Developer, jobDescription=null, country=IND, state=TN, availability=Part-Time, replyRate=0, payRate=44, experience=5, skills=Java, Spring Boot, Hibernate, Micro Service, Oracle, REST, language=English, jobType=Development, user=User [id=1, userName=null]]
2020-09-26 14:12:16 DEBUG Incoming request to save/update :JobInfo [id=null, jobTitle=Java Developer, jobDescription=null, country=IND, state=TN, availability=Part-Time, replyRate=0, payRate=44, experience=5, skills=Java, Spring Boot, Hibernate, Micro Service, Oracle, REST, language=English, jobType=Development, user=User [id=1, userName=null]]
2020-09-26 14:12:16 DEBUG Incoming request to saveJob :JobInfo [id=null, jobTitle=Java Developer, jobDescription=null, country=IND, state=TN, availability=Part-Time, replyRate=0, payRate=44, experience=5, skills=Java, Spring Boot, Hibernate, Micro Service, Oracle, REST, language=English, jobType=Development, user=User [id=1, userName=null]]
2020-09-28 12:15:51 DEBUG Incoming request to save/update :JobInfo [id=null, jobTitle=Java Developer, jobDescription=null, country=IND, state=TN, availability=Part-Time, replyRate=0, payRate=44, experience=5, skills=Java, Spring Boot, Hibernate, Micro Service, Oracle, REST, language=English, jobType=Development, user=User [id=1, userName=null]]
2020-09-28 12:15:51 DEBUG Incoming request to saveJob :JobInfo [id=null, jobTitle=Java Developer, jobDescription=null, country=IND, state=TN, availability=Part-Time, replyRate=0, payRate=44, experience=5, skills=Java, Spring Boot, Hibernate, Micro Service, Oracle, REST, language=English, jobType=Development, user=User [id=1, userName=null]]
2020-10-01 15:43:17 DEBUG Incoming request to save/update :User [id=1, userName=kusuma]
2020-10-01 15:43:48 DEBUG Incoming request to save/update :User [id=1, userName=kusuma]
2020-10-01 15:44:36 DEBUG Incoming request to save/update :User [id=1, userName=kusuma]
2020-10-01 15:45:37 DEBUG Incoming request to save/update :User [id=1, userName=kusuma]
2020-10-01 15:46:43 DEBUG Incoming request to save/update :User [id=1, userName=kusuma]
2020-10-01 15:59:15 DEBUG Incoming request to save/update :User [id=1, userName=kusuma]
2020-10-01 16:00:03 DEBUG Incoming request to save/update :User [id=1, userName=kusuma]
2020-10-01 16:00:50 DEBUG Incoming request to save/update :User [id=1, userName=kusuma]
2020-10-01 16:01:42 DEBUG Incoming request to save/update :User [id=1, userName=kusuma]
2020-10-01 16:03:33 DEBUG Incoming request to save/update :User [id=1, userName=kusuma]
2020-10-01 16:06:41 DEBUG Incoming request to save/update :User [id=1, userName=kusuma]
2020-10-01 16:07:16 DEBUG Incoming request to save/update :User [id=1, userName=kusuma]
2020-10-01 16:08:52 DEBUG Incoming request to save/update :User [id=1, userName=kusuma]
2020-10-01 16:11:03 DEBUG Incoming request to save/update :User [id=1, userName=kusuma]
2020-10-01 16:12:23 DEBUG Incoming request to save/update :User [id=1, userName=kusuma]
2020-10-01 16:14:10 DEBUG Incoming request to save/update :User [id=1, userName=kusuma]
2020-10-01 16:15:31 DEBUG Incoming request to save/update :User [id=1, userName=kusuma]
2020-10-01 16:15:50 DEBUG Incoming request to save/update :User [id=1, userName=kusuma]
2020-10-01 16:35:14 INFO  data is received into controller-getAll
2020-10-01 16:36:29 INFO  data is received into controller-getAll
2020-10-01 16:36:35 INFO  data is received into controller-getAll
2020-10-01 16:36:43 INFO  data is received into controller-getAll
2020-10-01 16:36:49 INFO  data is received into controller-getAll
2020-10-01 16:36:54 INFO  data is received into controller-getAll
2020-10-01 16:36:58 INFO  data is received into controller-getAll
2020-10-01 16:37:24 INFO  data is received into controller-getAll
2020-10-01 16:37:29 INFO  data is received into controller-getAll
2020-10-01 16:37:34 INFO  data is received into controller-getAll
2020-10-02 11:30:53 DEBUG Incoming request to save/update :User [id=1, userName=kusuma]
2020-10-02 11:34:27 DEBUG Incoming request to save/update :JobInfo [id=1, jobTitle=null, jobDescription=null, country=India, state=null, availability=null, replyRate=null, payRate=null, experience=5, skills=null, language=null, jobType=null, user=null]
2020-10-02 11:34:27 DEBUG Incoming request to save/update :User [id=1, userName=kusuma]
